This is pdfTeX, Version 3.14159265-2.6-1.40.19 (TeX Live 2018) (preloaded format=pdflatex 2018.7.9)  19 AUG 2018 16:41
entering extended mode
 restricted \write18 enabled.
 %&-line parsing enabled.
**PPgSI-modeloQualificacaoOuDissertacaoLatex.tex
(./PPgSI-modeloQualificacaoOuDissertacaoLatex.tex
LaTeX2e <2018-04-01> patch level 2
Babel <3.18> and hyphenation patterns for 84 language(s) loaded.
(./abntex2ppgsi.cls
(/usr/local/texlive/2018/texmf-dist/tex/latex/anyfontsize/anyfontsize.sty
Package: anyfontsize 2007/11/22 anyfontsize.sty by pts
)
Document Class: abntex2ppgsi 2014/01/26 v1.9.2 abnTeX2
(/usr/local/texlive/2018/texmf-dist/tex/latex/base/ifthen.sty
Package: ifthen 2014/09/29 v1.1c Standard LaTeX ifthen package (DPC)
)
(/usr/local/texlive/2018/texmf-dist/tex/latex/memoir/memoir.cls
Document Class: memoir 2018/04/04 v3.7g configurable book, report, article docu
ment class
\onelineskip=\skip41
\lxvchars=\skip42
\xlvchars=\skip43
\@memcnta=\count80
\c@@memmarkcntra=\count81
(/usr/local/texlive/2018/texmf-dist/tex/generic/oberdiek/ifpdf.sty
Package: ifpdf 2017/03/15 v3.2 Provides the ifpdf switch
)
(/usr/local/texlive/2018/texmf-dist/tex/latex/ifetex/ifetex.sty
Package: ifetex 2018/03/31 v1.2a ifetex

(/usr/local/texlive/2018/texmf-dist/tex/plain/ifetex/ifetex.tex))
(/usr/local/texlive/2018/texmf-dist/tex/generic/ifxetex/ifxetex.sty
Package: ifxetex 2010/09/12 v0.6 Provides ifxetex conditional
)
(/usr/local/texlive/2018/texmf-dist/tex/generic/oberdiek/ifluatex.sty
Package: ifluatex 2016/05/16 v1.4 Provides the ifluatex switch (HO)
Package ifluatex Info: LuaTeX not detected.
)
\stockheight=\skip44
\stockwidth=\skip45
\trimtop=\skip46
\trimedge=\skip47

(/usr/local/texlive/2018/texmf-dist/tex/latex/memoir/mem12.clo
File: mem12.clo 2010/10/19 v0.4b memoir class 12pt size option
)
\binding=\skip48
\spinemargin=\skip49
\foremargin=\skip50
\uppermargin=\skip51
\lowermargin=\skip52
\headdrop=\skip53
\normalrulethickness=\skip54
\mem@maxheadheight=\skip55
\mem@maxfootheight=\skip56
\headwidth=\skip57
\c@storedpagenumber=\count82
\memPD=\dimen102
\m@mabparskip=\skip58
\thanksmarkwidth=\skip59
\thanksmarksep=\skip60
\droptitle=\skip61
\c@book=\count83
\c@part=\count84
\c@chapter=\count85
\c@section=\count86
\c@subsection=\count87
\c@subsubsection=\count88
\c@paragraph=\count89
\c@subparagraph=\count90
\beforechapskip=\skip62
\midchapskip=\skip63
\afterchapskip=\skip64
\chapindent=\skip65
\bottomsectionskip=\skip66
\secindent=\skip67
\beforesecskip=\skip68
\aftersecskip=\skip69
\subsecindent=\skip70
\beforesubsecskip=\skip71
\aftersubsecskip=\skip72
\subsubsecindent=\skip73
\beforesubsubsecskip=\skip74
\aftersubsubsecskip=\skip75
\paraindent=\skip76
\beforeparaskip=\skip77
\afterparaskip=\skip78
\subparaindent=\skip79
\beforesubparaskip=\skip80
\aftersubparaskip=\skip81
\pfbreakskip=\skip82
\c@@ppsavesec=\count91
\c@@ppsaveapp=\count92
\ragrparindent=\dimen103
\everylistparindent=\dimen104
\parsepi=\skip83
\topsepi=\skip84
\itemsepi=\skip85
\parsepii=\skip86
\topsepii=\skip87
\topsepiii=\skip88
\itemsepii=\skip89
\itemsepiii=\skip90
\partopsepii=\skip91
\partopsepiii=\skip92
\m@msavetopsep=\skip93
\m@msavepartopsep=\skip94
\@enLab=\toks14
\abstitleskip=\skip95
\absleftindent=\skip96
\abs@leftindent=\dimen105
\absrightindent=\skip97
\absparindent=\skip98
\absparsep=\skip99
\c@vslineno=\count93
\c@poemline=\count94
\c@modulo@vs=\count95
\c@memfvsline=\count96
\vleftskip=\skip100
\vrightskip=\skip101
\stanzaskip=\skip102
\versewidth=\skip103
\vgap=\skip104
\vindent=\skip105
\vleftmargin=\dimen106
\c@verse=\count97
\c@chrsinstr=\count98
\beforepoemtitleskip=\skip106
\afterpoemtitleskip=\skip107
\c@poem=\count99
\beforePoemTitleskip=\skip108
\midPoemTitleskip=\skip109
\afterPoemTitleskip=\skip110
\col@sep=\dimen107
\extrarowheight=\dimen108
\NC@list=\toks15
\extratabsurround=\skip111
\backup@length=\skip112
\TX@col@width=\dimen109
\TX@old@table=\dimen110
\TX@old@col=\dimen111
\TX@target=\dimen112
\TX@delta=\dimen113
\TX@cols=\count100
\TX@ftn=\toks16
\heavyrulewidth=\dimen114
\lightrulewidth=\dimen115
\cmidrulewidth=\dimen116
\belowrulesep=\dimen117
\belowbottomsep=\dimen118
\aboverulesep=\dimen119
\abovetopsep=\dimen120
\cmidrulesep=\dimen121
\cmidrulekern=\dimen122
\defaultaddspace=\dimen123
\@cmidla=\count101
\@cmidlb=\count102
\@aboverulesep=\dimen124
\@belowrulesep=\dimen125
\@thisruleclass=\count103
\@lastruleclass=\count104
\@thisrulewidth=\dimen126
\ctableftskip=\skip113
\ctabrightskip=\skip114
\abovecolumnspenalty=\count105
\@linestogo=\count106
\@cellstogo=\count107
\@cellsincolumn=\count108
\crtok=\toks17
\@mincolumnwidth=\dimen127
\c@newflo@tctr=\count109
\mem@margin@floatbox=\box26
\@contcwidth=\skip115
\@contindw=\skip116
\abovecaptionskip=\skip117
\belowcaptionskip=\skip118
\subfloattopskip=\skip119
\subfloatcapskip=\skip120
\subfloatcaptopadj=\skip121
\subfloatbottomskip=\skip122
\subfloatlabelskip=\skip123
\subfloatcapmargin=\dimen128
\c@@contsubnum=\count110
\m@mscap@capbox=\box27
\m@mscap@fbox=\box28
\sidecapsep=\dimen129
\sidecapwidth=\dimen130
\m@m@tempdima=\dimen131
\m@mscapraise=\dimen132
\sidecapraise=\dimen133
\m@mscapmainwidth=\dimen134
\m@mscaplkern=\dimen135
\beforeepigraphskip=\skip124
\afterepigraphskip=\skip125
\epigraphwidth=\skip126
\epigraphrule=\skip127
LaTeX Info: Redefining \em on input line 7578.
LaTeX Info: Redefining \emph on input line 7586.
\tocentryskip=\skip128
\tocbaseline=\skip129
\cftparskip=\skip130
\cftbeforebookskip=\skip131
\cftbookindent=\dimen136
\cftbooknumwidth=\dimen137
\cftbeforepartskip=\skip132
\cftpartindent=\skip133
\cftpartnumwidth=\skip134
\cftbeforechapterskip=\skip135
\cftchapterindent=\skip136
\cftchapternumwidth=\skip137
\cftbeforesectionskip=\skip138
\cftsectionindent=\skip139
\cftsectionnumwidth=\skip140
\cftbeforesubsectionskip=\skip141
\cftsubsectionindent=\skip142
\cftsubsectionnumwidth=\skip143
\cftbeforesubsubsectionskip=\skip144
\cftsubsubsectionindent=\skip145
\cftsubsubsectionnumwidth=\skip146
\cftbeforeparagraphskip=\skip147
\cftparagraphindent=\skip148
\cftparagraphnumwidth=\skip149
\cftbeforesubparagraphskip=\skip150
\cftsubparagraphindent=\skip151
\cftsubparagraphnumwidth=\skip152
\prechapterprecisshift=\dimen138
\c@maxsecnumdepth=\count111
\bibindent=\dimen139
\bibitemsep=\skip153
\indexcolsep=\skip154
\indexrule=\skip155
\indexmarkstyle=\toks18
\@indexbox=\insert199
\glossarycolsep=\dimen140
\glossaryrule=\dimen141
\sideparvshift=\skip156
\sideins=\insert198
\sidebartopsep=\skip157
\sidebarhsep=\skip158
\sidebarvsep=\skip159
\sidebarwidth=\skip160
\footmarkwidth=\skip161
\footmarksep=\skip162
\footparindent=\skip163
\footinsdim=\skip164
\footinsv@r=\insert197
\@mpfootinsv@r=\insert196
\m@m@k=\count112
\m@m@h=\dimen142
\m@mipn@skip=\skip165
\sidefootins=\insert195
\sidefootadjust=\skip166
\sidefootheight=\skip167
\sidefoothsep=\skip168
\sidefootvsep=\skip169
\sidefootwidth=\skip170
\m@mdownsf=\skip171
\c@sidefootnote=\count113
\sidefootmarkwidth=\skip172
\sidefootmarksep=\skip173
\sidefootparindent=\skip174
\c@pagenote=\count114
\c@pagenoteshadow=\count115
\mem@pn@lastkern=\skip175
\every@verbatim=\toks19
\afterevery@verbatim=\toks20
\verbatim@line=\toks21
\tab@position=\count116
\verbatim@in@stream=\read1
\verbatimindent=\skip176
\verbatim@out=\write3
\bvboxsep=\skip177
\c@memfbvline=\count117
\c@bvlinectr=\count118
\bvnumlength=\skip178
\fb@frw=\dimen143
\fb@frh=\dimen144
\FrameRule=\dimen145
\FrameSep=\dimen146
\c@cp@cntr=\count119
LaTeX Info: Redefining \: on input line 12100.
LaTeX Info: Redefining \! on input line 12102.
\c@ism@mctr=\count120
\c@xsm@mctr=\count121
\c@csm@mctr=\count122
\c@ksm@mctr=\count123
\c@xksm@mctr=\count124
\c@cksm@mctr=\count125
\c@msm@mctr=\count126
\c@xmsm@mctr=\count127
\c@cmsm@mctr=\count128
\c@bsm@mctr=\count129
\c@workm@mctr=\count130
\c@sheetsequence=\count131
\c@lastsheet=\count132
\c@lastpage=\count133
\c@figure=\count134
\c@lofdepth=\count135
\cftbeforefigureskip=\skip179
\cftfigureindent=\skip180
\cftfigurenumwidth=\skip181
\c@table=\count136
\c@lotdepth=\count137
\cftbeforetableskip=\skip182
\cfttableindent=\skip183
\cfttablenumwidth=\skip184
Package abstract [2008/07/23] emulated by memoir.
Package appendix [2008/07/23] emulated by memoir.
Package array [2016/10/06] emulated by memoir.
Package booktabs [2016/05/16] emulated by memoir.
Package ccaption [2008/07/23] emulated by memoir.
Package changepage [2008/07/23] emulated by memoir.
Package chngcntr [2008/07/23] emulated by memoir.
Package chngpage [2008/07/23] emulated by memoir.
Package crop emulated by memoir.
Package dcolumn [2008/07/23] emulated by memoir.
Package delarray [2014/10/28] emulated by memoir.
Package enumerate [2008/07/23] emulated by memoir.
Package epigraph [2008/07/23] emulated by memoir.
Package ifmtarg [2008/07/23] emulated by memoir.
Package index [2008/07/23] emulated by memoir.
Package makeidx [2008/07/23] emulated by memoir.
Package moreverb [2008/07/23] emulated by memoir.
Package mparhack [2008/07/23] emulated by memoir.
Package needspace [2008/07/23] emulated by memoir.
Package newfile [2008/07/23] emulated by memoir.
Package nextpage [2008/07/23] emulated by memoir.
Package pagenote [2008/07/23] emulated by memoir.
Package parskip [2008/07/23] emulated by memoir.
Package patchcmd [2008/07/23] emulated by memoir.
Package setspace [2008/07/23] emulated by memoir.
Package shortvrb [2008/07/23] emulated by memoir.
Package showidx [2008/07/23] emulated by memoir.
Package tabularx [2016/02/03] emulated by memoir.
Package titleref [2008/07/23] emulated by memoir.
Package titling [2008/07/23] emulated by memoir.
Package tocbibind [2008/07/23] emulated by memoir.
Package tocloft [2008/07/23] emulated by memoir.
Package tocvsec2 [2008/07/23] emulated by memoir.
Package verbatim [2008/07/23] emulated by memoir.
Package verse [2008/07/23] emulated by memoir.
)
(/usr/local/texlive/2018/texmf-dist/tex/latex/textcase/textcase.sty
Package: textcase 2004/10/07 v0.07 Text only upper/lower case changing (DPC)
LaTeX Info: Redefining \MakeTextUppercase on input line 47.
LaTeX Info: Redefining \MakeTextLowercase on input line 50.
)
(/usr/local/texlive/2018/texmf-dist/tex/latex/hyperref/hyperref.sty
Package: hyperref 2018/02/06 v6.86b Hypertext links for LaTeX

(/usr/local/texlive/2018/texmf-dist/tex/generic/oberdiek/hobsub-hyperref.sty
Package: hobsub-hyperref 2016/05/16 v1.14 Bundle oberdiek, subset hyperref (HO)


(/usr/local/texlive/2018/texmf-dist/tex/generic/oberdiek/hobsub-generic.sty
Package: hobsub-generic 2016/05/16 v1.14 Bundle oberdiek, subset generic (HO)
Package: hobsub 2016/05/16 v1.14 Construct package bundles (HO)
Package: infwarerr 2016/05/16 v1.4 Providing info/warning/error messages (HO)
Package: ltxcmds 2016/05/16 v1.23 LaTeX kernel commands for general use (HO)
Package hobsub Info: Skipping package `ifluatex' (already loaded).
Package: ifvtex 2016/05/16 v1.6 Detect VTeX and its facilities (HO)
Package ifvtex Info: VTeX not detected.
Package: intcalc 2016/05/16 v1.2 Expandable calculations with integers (HO)
Package hobsub Info: Skipping package `ifpdf' (already loaded).
Package: etexcmds 2016/05/16 v1.6 Avoid name clashes with e-TeX commands (HO)
Package etexcmds Info: Could not find \expanded.
(etexcmds)             That can mean that you are not using pdfTeX 1.50 or
(etexcmds)             that some package has redefined \expanded.
(etexcmds)             In the latter case, load this package earlier.
Package: kvsetkeys 2016/05/16 v1.17 Key value parser (HO)
Package: kvdefinekeys 2016/05/16 v1.4 Define keys (HO)
Package: pdftexcmds 2018/01/30 v0.27 Utility functions of pdfTeX for LuaTeX (HO
)
Package pdftexcmds Info: LuaTeX not detected.
Package pdftexcmds Info: \pdf@primitive is available.
Package pdftexcmds Info: \pdf@ifprimitive is available.
Package pdftexcmds Info: \pdfdraftmode found.
Package: pdfescape 2016/05/16 v1.14 Implements pdfTeX's escape features (HO)
Package: bigintcalc 2016/05/16 v1.4 Expandable calculations on big integers (HO
)
Package: bitset 2016/05/16 v1.2 Handle bit-vector datatype (HO)
Package: uniquecounter 2016/05/16 v1.3 Provide unlimited unique counter (HO)
)
Package hobsub Info: Skipping package `hobsub' (already loaded).
Package: letltxmacro 2016/05/16 v1.5 Let assignment for LaTeX macros (HO)
Package: hopatch 2016/05/16 v1.3 Wrapper for package hooks (HO)
Package: xcolor-patch 2016/05/16 xcolor patch
Package: atveryend 2016/05/16 v1.9 Hooks at the very end of document (HO)
Package atveryend Info: \enddocument detected (standard20110627).
Package: atbegshi 2016/06/09 v1.18 At begin shipout hook (HO)
Package: refcount 2016/05/16 v3.5 Data extraction from label references (HO)
Package: hycolor 2016/05/16 v1.8 Color options for hyperref/bookmark (HO)
)
(/usr/local/texlive/2018/texmf-dist/tex/latex/graphics/keyval.sty
Package: keyval 2014/10/28 v1.15 key=value parser (DPC)
\KV@toks@=\toks22
)
(/usr/local/texlive/2018/texmf-dist/tex/latex/oberdiek/auxhook.sty
Package: auxhook 2016/05/16 v1.4 Hooks for auxiliary files (HO)
)
(/usr/local/texlive/2018/texmf-dist/tex/latex/oberdiek/kvoptions.sty
Package: kvoptions 2016/05/16 v3.12 Key value format for package options (HO)
)
\@linkdim=\dimen147
\Hy@linkcounter=\count138
\Hy@pagecounter=\count139

(/usr/local/texlive/2018/texmf-dist/tex/latex/hyperref/pd1enc.def
File: pd1enc.def 2018/02/06 v6.86b Hyperref: PDFDocEncoding definition (HO)
Now handling font encoding PD1 ...
... no UTF-8 mapping file for font encoding PD1
)
\Hy@SavedSpaceFactor=\count140

(/usr/local/texlive/2018/texmf-dist/tex/latex/latexconfig/hyperref.cfg
File: hyperref.cfg 2002/06/06 v1.2 hyperref configuration of TeXLive
)
Package hyperref Info: Hyper figures OFF on input line 4509.
Package hyperref Info: Link nesting OFF on input line 4514.
Package hyperref Info: Hyper index ON on input line 4517.
Package hyperref Info: Plain pages OFF on input line 4524.
Package hyperref Info: Backreferencing OFF on input line 4529.
Package hyperref Info: Implicit mode ON; LaTeX internals redefined.
Package hyperref Info: Bookmarks ON on input line 4762.
\c@Hy@tempcnt=\count141

(/usr/local/texlive/2018/texmf-dist/tex/latex/url/url.sty
\Urlmuskip=\muskip10
Package: url 2013/09/16  ver 3.4  Verb mode for urls, etc.
)
LaTeX Info: Redefining \url on input line 5115.
\XeTeXLinkMargin=\dimen148
\Fld@menulength=\count142
\Field@Width=\dimen149
\Fld@charsize=\dimen150
Package hyperref Info: Hyper figures OFF on input line 6369.
Package hyperref Info: Link nesting OFF on input line 6374.
Package hyperref Info: Hyper index ON on input line 6377.
Package hyperref Info: backreferencing OFF on input line 6384.
Package hyperref Info: Link coloring OFF on input line 6389.
Package hyperref Info: Link coloring with OCG OFF on input line 6394.
Package hyperref Info: PDF/A mode OFF on input line 6399.
LaTeX Info: Redefining \ref on input line 6439.
LaTeX Info: Redefining \pageref on input line 6443.
\Hy@abspage=\count143
\c@Item=\count144
\c@Hfootnote=\count145
)
(/usr/local/texlive/2018/texmf-dist/tex/latex/memoir/memhfixc.sty
Package: memhfixc 2013/05/30 v1.17 nameref/hyperref package fixes for memoir cl
ass
\c@memhycontfloat=\count146
\c@Hpagenote=\count147
)
Package hyperref Info: Driver (autodetected): hpdftex.

(/usr/local/texlive/2018/texmf-dist/tex/latex/hyperref/hpdftex.def
File: hpdftex.def 2018/02/06 v6.86b Hyperref driver for pdfTeX
\Fld@listcount=\count148
\c@bookmark@seq@number=\count149

(/usr/local/texlive/2018/texmf-dist/tex/latex/oberdiek/rerunfilecheck.sty
Package: rerunfilecheck 2016/05/16 v1.8 Rerun checks for auxiliary files (HO)
Package uniquecounter Info: New unique counter `rerunfilecheck' on input line 2
82.
)
\Hy@SectionHShift=\skip185
)
(/usr/local/texlive/2018/texmf-dist/tex/latex/oberdiek/bookmark.sty
Package: bookmark 2016/05/17 v1.26 PDF bookmarks (HO)

(/usr/local/texlive/2018/texmf-dist/tex/latex/oberdiek/bkm-pdftex.def
File: bkm-pdftex.def 2016/05/17 v1.26 bookmark driver for pdfTeX (HO)
\BKM@id=\count150
))
(/usr/local/texlive/2018/texmf-dist/tex/generic/babel/babel.sty
Package: babel 2018/02/14 3.18 The Babel package

(/usr/local/texlive/2018/texmf-dist/tex/generic/babel/switch.def
File: switch.def 2018/02/14 3.18 Babel switching mechanism
)
(/usr/local/texlive/2018/texmf-dist/tex/generic/babel-english/english.ldf
Language: english 2017/06/06 v3.3r English support from the babel system

(/usr/local/texlive/2018/texmf-dist/tex/generic/babel/babel.def
File: babel.def 2018/02/14 3.18 Babel common definitions
\babel@savecnt=\count151
\U@D=\dimen151

(/usr/local/texlive/2018/texmf-dist/tex/generic/babel/txtbabel.def)
\bbl@dirlevel=\count152
)
\l@canadian = a dialect from \language\l@american 
\l@australian = a dialect from \language\l@british 
\l@newzealand = a dialect from \language\l@british 
)
(/usr/local/texlive/2018/texmf-dist/tex/generic/babel-portuges/portuges.ldf
Language: portuges 2008/03/18 v1.2q Portuguese support from the babel system
\l@brazil = a dialect from \language\l@portuges 
Package babel Info: Making " an active character on input line 145.
))
(/usr/local/texlive/2018/texmf-dist/tex/latex/enumitem/enumitem.sty
Package: enumitem 2011/09/28 v3.5.2 Customized lists
\labelindent=\skip186
\enit@outerparindent=\dimen152
\enit@toks=\toks23
\enit@inbox=\box29
\enitdp@description=\count153
)
(/usr/local/texlive/2018/texmf-dist/tex/latex/tools/calc.sty
Package: calc 2017/05/25 v4.3 Infix arithmetic (KKT,FJ)
\calc@Acount=\count154
\calc@Bcount=\count155
\calc@Adimen=\dimen153
\calc@Bdimen=\dimen154
\calc@Askip=\skip187
\calc@Bskip=\skip188
LaTeX Info: Redefining \setlength on input line 80.
LaTeX Info: Redefining \addtolength on input line 81.
\calc@Ccount=\count156
\calc@Cskip=\skip189
)

******************************************************
Stock height and width: 845.04684pt by 597.50787pt
Top and edge trims: 0pt and 0pt
Page height and width: 845.04684pt by 597.50787pt
Text height and width: 708pt by 455pt
Spine and edge margins: 85.35826pt and 56.9055pt
Upper and lower margins: 85.35826pt and 51.68858pt
Headheight and headsep: 14.5pt and 19.8738pt
Footskip: 30pt
Columnsep and columnseprule: 10pt and 0pt
Marginparsep and marginparwidth: 7pt and 42.9055pt
Sidecapsep and sidecapwidth: 7pt and 42pt
Sidebarhsep and sidebarwidth: 7pt and 42pt
Sidebarvsep and sidebartopsep: 14.5pt and 0pt
Sidebarheight: 590.14995pt
Sidefoothsep and sidefootwidth: 7pt and 42pt
Sidefootvsep and sidefootheight: 14.5pt and 590.14995pt
******************************************************

\c@abntex@bookmarkcounter=\count157
\cftlastnumwidth=\skip190
\chapternamenumlength=\skip191
\ABNTEXcitacaorecuo=\skip192
\c@alineasi=\count158
\c@alineasii=\count159
\enitdp@alineas=\count160
\c@subalineasi=\count161
\enitdp@subalineas=\count162
\c@incisosi=\count163
\enitdp@incisos=\count164
\ABNTEXsignwidth=\skip193
\ABNTEXsignthickness=\skip194
\ABNTEXsignskip=\skip256
(/usr/local/texlive/2018/texmf-dist/tex/latex/algorithms/algorithm.sty
Package: algorithm 2009/08/24 v0.1 Document Style `algorithm' - floating enviro
nment

(/usr/local/texlive/2018/texmf-dist/tex/latex/float/float.sty
Package: float 2001/11/08 v1.3d Float enhancements (AL)
\c@float@type=\count165
\float@exts=\toks24
\float@box=\box30
\@float@everytoks=\toks25
\@floatcapt=\box31
)
\@float@every@algorithm=\toks26
\c@algorithm=\count166
))
(/usr/local/texlive/2018/texmf-dist/tex/latex/base/inputenc.sty
Package: inputenc 2018/04/06 v1.3b Input encoding file
\inpenc@prehook=\toks27
\inpenc@posthook=\toks28
)
(/usr/local/texlive/2018/texmf-dist/tex/latex/lastpage/lastpage.sty
Package: lastpage 2015/03/29 v1.2m Refers to last page's name (HMM; JPG)
)
(/usr/local/texlive/2018/texmf-dist/tex/latex/tools/indentfirst.sty
Package: indentfirst 1995/11/23 v1.03 Indent first paragraph (DPC)
)
(/usr/local/texlive/2018/texmf-dist/tex/latex/graphics/color.sty
Package: color 2016/07/10 v1.1e Standard LaTeX Color (DPC)

(/usr/local/texlive/2018/texmf-dist/tex/latex/graphics-cfg/color.cfg
File: color.cfg 2016/01/02 v1.6 sample color configuration
)
Package color Info: Driver file: pdftex.def on input line 147.

(/usr/local/texlive/2018/texmf-dist/tex/latex/graphics-def/pdftex.def
File: pdftex.def 2018/01/08 v1.0l Graphics/color driver for pdftex
))
(/usr/local/texlive/2018/texmf-dist/tex/latex/graphics/graphicx.sty
Package: graphicx 2017/06/01 v1.1a Enhanced LaTeX Graphics (DPC,SPQR)

(/usr/local/texlive/2018/texmf-dist/tex/latex/graphics/graphics.sty
Package: graphics 2017/06/25 v1.2c Standard LaTeX Graphics (DPC,SPQR)

(/usr/local/texlive/2018/texmf-dist/tex/latex/graphics/trig.sty
Package: trig 2016/01/03 v1.10 sin cos tan (DPC)
)
(/usr/local/texlive/2018/texmf-dist/tex/latex/graphics-cfg/graphics.cfg
File: graphics.cfg 2016/06/04 v1.11 sample graphics configuration
)
Package graphics Info: Driver file: pdftex.def on input line 99.
)
\Gin@req@height=\dimen155
\Gin@req@width=\dimen156
)
(/usr/local/texlive/2018/texmf-dist/tex/latex/microtype/microtype.sty
Package: microtype 2018/01/14 v2.7a Micro-typographical refinements (RS)
\MT@toks=\toks29
\MT@count=\count167
LaTeX Info: Redefining \textls on input line 793.
\MT@outer@kern=\dimen157
LaTeX Info: Redefining \textmicrotypecontext on input line 1339.
\MT@listname@count=\count168

(/usr/local/texlive/2018/texmf-dist/tex/latex/microtype/microtype-pdftex.def
File: microtype-pdftex.def 2018/01/14 v2.7a Definitions specific to pdftex (RS)

LaTeX Info: Redefining \lsstyle on input line 913.
LaTeX Info: Redefining \lslig on input line 913.
\MT@outer@space=\skip257
)
Package microtype Info: Loading configuration file microtype.cfg.

(/usr/local/texlive/2018/texmf-dist/tex/latex/microtype/microtype.cfg
File: microtype.cfg 2018/01/14 v2.7a microtype main configuration file (RS)
))
(/usr/local/texlive/2018/texmf-dist/tex/latex/pdfpages/pdfpages.sty
Package: pdfpages 2017/10/31 v0.5l Insert pages of external PDF documents (AM)

(/usr/local/texlive/2018/texmf-dist/tex/latex/eso-pic/eso-pic.sty
Package: eso-pic 2015/07/21 v2.0g eso-pic (RN)
)
\AM@pagewidth=\dimen158
\AM@pageheight=\dimen159

(/usr/local/texlive/2018/texmf-dist/tex/latex/pdfpages/pppdftex.def
File: pppdftex.def 2017/10/31 v0.5l Pdfpages driver for pdfTeX (AM)
)
\AM@pagebox=\box32
\AM@global@opts=\toks30
\AM@toc@title=\toks31
\c@AM@survey=\count169
\AM@templatesizebox=\box33
)
(/usr/local/texlive/2018/texmf-dist/tex/latex/mdwtools/mdwlist.sty
Package: mdwlist 1996/05/02 1.1 Various list-related things
)
(/usr/local/texlive/2018/texmf-dist/tex/latex/algorithmicx/algpseudocode.sty
Package: algpseudocode 

(/usr/local/texlive/2018/texmf-dist/tex/latex/algorithmicx/algorithmicx.sty
Package: algorithmicx 2005/04/27 v1.2 Algorithmicx

Document Style algorithmicx 1.2 - a greatly improved `algorithmic' style
\c@ALG@line=\count170
\c@ALG@rem=\count171
\c@ALG@nested=\count172
\ALG@tlm=\skip258
\ALG@thistlm=\skip259
\c@ALG@Lnr=\count173
\c@ALG@blocknr=\count174
\c@ALG@storecount=\count175
\c@ALG@tmpcounter=\count176
\ALG@tmplength=\skip260
)
Document Style - pseudocode environments for use with the `algorithmicx' style
) (/usr/local/texlive/2018/texmf-dist/tex/latex/base/fontenc.sty
Package: fontenc 2017/04/05 v2.0i Standard LaTeX package

(/usr/local/texlive/2018/texmf-dist/tex/latex/base/t1enc.def
File: t1enc.def 2017/04/05 v2.0i Standard LaTeX file
LaTeX Font Info:    Redeclaring font encoding T1 on input line 48.
))
(/usr/local/texlive/2018/texmf-dist/tex/latex/lipsum/lipsum.sty
Package: lipsum 2014/07/27 v1.3 150 paragraphs of Lorem Ipsum dummy text
\c@lips@count=\count177
)
(/usr/local/texlive/2018/texmf-dist/tex/latex/hyperref/backref.sty
Package: backref 2016/05/21 v1.39 Bibliographical back referencing
)
(/usr/local/texlive/2018/texmf-dist/tex/latex/abntex2/abntex2cite.sty
Package: abntex2cite 2016/02/26 v-1.9.6 abnTeX2

(/usr/local/texlive/2018/texmf-dist/tex/latex/abntex2/abntex2abrev.sty)
\minimumbiblabelwidth=\skip261
\ABCIauxlen=\skip262
\c@ABCIaux=\count178
\c@ABCImax=\count179

(/usr/local/texlive/2018/texmf-dist/tex/latex/relsize/relsize.sty
Package: relsize 2013/03/29 ver 4.1
)
\biblabelsep=\skip263
LaTeX Info: Redefining \newblock on input line 591.
LaTeX Info: Redefining \cite on input line 618.
\ABCItoken=\toks32
)
Package color Info: Redefining color blue on input line 223.


Package hyperref Warning: Token not allowed in a PDF string (PDFDocEncoding):
(hyperref)                removing `\uppercase' on input line 240.


Package hyperref Warning: Token not allowed in a PDF string (PDFDocEncoding):
(hyperref)                removing `\newline' on input line 240.


Package hyperref Warning: Token not allowed in a PDF string (PDFDocEncoding):
(hyperref)                removing `\newline' on input line 240.


Package hyperref Warning: Token not allowed in a PDF string (PDFDocEncoding):
(hyperref)                removing `\newline' on input line 240.


Package hyperref Warning: Token not allowed in a PDF string (PDFDocEncoding):
(hyperref)                removing `\newline' on input line 240.


Package hyperref Warning: Token not allowed in a PDF string (PDFDocEncoding):
(hyperref)                removing `\newline' on input line 240.


Package hyperref Warning: Token not allowed in a PDF string (PDFDocEncoding):
(hyperref)                removing `\newline' on input line 240.


Package hyperref Warning: Token not allowed in a PDF string (PDFDocEncoding):
(hyperref)                removing `\newline' on input line 240.


Package hyperref Warning: Token not allowed in a PDF string (PDFDocEncoding):
(hyperref)                removing `\newline' on input line 240.

Package hyperref Info: Option `colorlinks' set `true' on input line 240.
\PPgSI-modeloQualificacaoOuDissertacaoLatex@idxfile=\write4
\openout4 = `PPgSI-modeloQualificacaoOuDissertacaoLatex.idx'.

Writing index file PPgSI-modeloQualificacaoOuDissertacaoLatex.idx 
(./PPgSI-modeloQualificacaoOuDissertacaoLatex.aux

LaTeX Warning: Label `fig:tipos-custo-arvore' multiply defined.


LaTeX Warning: Label `fig:tipos-custo-arvore' multiply defined.


LaTeX Warning: Label `fig:tipos-custo-arvore' multiply defined.

)
\openout1 = `PPgSI-modeloQualificacaoOuDissertacaoLatex.aux'.

LaTeX Font Info:    Checking defaults for OML/cmm/m/it on input line 269.
LaTeX Font Info:    ... okay on input line 269.
LaTeX Font Info:    Checking defaults for T1/cmr/m/n on input line 269.
LaTeX Font Info:    ... okay on input line 269.
LaTeX Font Info:    Checking defaults for OT1/cmr/m/n on input line 269.
LaTeX Font Info:    ... okay on input line 269.
LaTeX Font Info:    Checking defaults for OMS/cmsy/m/n on input line 269.
LaTeX Font Info:    ... okay on input line 269.
LaTeX Font Info:    Checking defaults for OMX/cmex/m/n on input line 269.
LaTeX Font Info:    ... okay on input line 269.
LaTeX Font Info:    Checking defaults for U/cmr/m/n on input line 269.
LaTeX Font Info:    ... okay on input line 269.
LaTeX Font Info:    Checking defaults for PD1/pdf/m/n on input line 269.
LaTeX Font Info:    ... okay on input line 269.
\AtBeginShipoutBox=\box34
Package hyperref Info: Link coloring ON on input line 269.
 (/usr/local/texlive/2018/texmf-dist/tex/latex/hyperref/nameref.sty
Package: nameref 2016/05/21 v2.44 Cross-referencing by name of section

(/usr/local/texlive/2018/texmf-dist/tex/generic/oberdiek/gettitlestring.sty
Package: gettitlestring 2016/05/16 v1.5 Cleanup title references (HO)
)
\c@section@level=\count180
)
Redoing nameref's sectioning
Redoing nameref's label
LaTeX Info: Redefining \nameref on input line 269.
LaTeX Info: Redefining \ref on input line 269.
LaTeX Info: Redefining \pageref on input line 269.
LaTeX Info: Redefining \nameref on input line 269.
\myptabbox=\box35
\myptabboxwidth=\skip264
Package lastpage Info: Please have a look at the pageslts package at
(lastpage)             https://www.ctan.org/pkg/pageslts
(lastpage)             ! on input line 269.
(/usr/local/texlive/2018/texmf-dist/tex/context/base/mkii/supp-pdf.mkii
[Loading MPS to PDF converter (version 2006.09.02).]
\scratchcounter=\count181
\scratchdimen=\dimen160
\scratchbox=\box36
\nofMPsegments=\count182
\nofMParguments=\count183
\everyMPshowfont=\toks33
\MPscratchCnt=\count184
\MPscratchDim=\dimen161
\MPnumerator=\count185
\makeMPintoPDFobject=\count186
\everyMPtoPDFconversion=\toks34
) (/usr/local/texlive/2018/texmf-dist/tex/latex/oberdiek/epstopdf-base.sty
Package: epstopdf-base 2016/05/15 v2.6 Base part for package epstopdf

(/usr/local/texlive/2018/texmf-dist/tex/latex/oberdiek/grfext.sty
Package: grfext 2016/05/16 v1.2 Manage graphics extensions (HO)
)
Package epstopdf-base Info: Redefining graphics rule for `.eps' on input line 4
38.
Package grfext Info: Graphics extension search list:
(grfext)             [.pdf,.png,.jpg,.mps,.jpeg,.jbig2,.jb2,.PDF,.PNG,.JPG,.JPE
G,.JBIG2,.JB2,.eps]
(grfext)             \AppendGraphicsExtensions on input line 456.

(/usr/local/texlive/2018/texmf-dist/tex/latex/latexconfig/epstopdf-sys.cfg
File: epstopdf-sys.cfg 2010/07/13 v1.3 Configuration of (r)epstopdf for TeX Liv
e
))
LaTeX Info: Redefining \microtypecontext on input line 269.
Package microtype Info: Generating PDF output.
Package microtype Info: Character protrusion enabled (level 2).
Package microtype Info: Using default protrusion set `alltext'.
Package microtype Info: Automatic font expansion enabled (level 2),
(microtype)             stretch: 20, shrink: 20, step: 1, non-selected.
Package microtype Info: Using default expansion set `basictext'.
Package microtype Info: No adjustment of tracking.
Package microtype Info: No adjustment of interword spacing.
Package microtype Info: No adjustment of character kerning.

(/usr/local/texlive/2018/texmf-dist/tex/latex/microtype/mt-cmr.cfg
File: mt-cmr.cfg 2013/05/19 v2.2 microtype config. file: Computer Modern Roman 
(RS)
)
(/usr/local/texlive/2018/texmf-dist/tex/latex/oberdiek/pdflscape.sty
Package: pdflscape 2016/05/14 v0.11 Display of landscape pages in PDF (HO)

(/usr/local/texlive/2018/texmf-dist/tex/latex/graphics/lscape.sty
Package: lscape 2000/10/22 v3.01 Landscape Pages (DPC)
)
Package pdflscape Info: Auto-detected driver: pdftex on input line 81.
) [1

{/usr/local/texlive/2018/texmf-var/fonts/map/pdftex/updmap/pdftex.map}]
Underfull \hbox (badness 10000) in paragraph at lines 302--302

 []


Underfull \hbox (badness 10000) in paragraph at lines 302--302

 []


Underfull \hbox (badness 10000) in paragraph at lines 302--302
\T1/cmr/m/n/12 (+20) DissertaÁ„o apre-sen-tada ‡ Es-cola de
 []


Underfull \hbox (badness 1365) in paragraph at lines 302--302
\T1/cmr/m/n/12 (+20) Ar-tes, Ci-Ín-cias e Hu-ma-ni-da-des da Uni-
 []


Underfull \hbox (badness 10000) in paragraph at lines 302--302

 []


Underfull \hbox (badness 10000) in paragraph at lines 302--302
\T1/cmr/m/n/12 (+20) ¡rea de con-cen-tra-Á„o: Me-to-do-lo-gia e
 []


Underfull \hbox (badness 10000) in paragraph at lines 302--302

 []


Underfull \hbox (badness 10000) in paragraph at lines 302--302

 []


Underfull \hbox (badness 2318) in paragraph at lines 302--302
\T1/cmr/m/n/12 (+20) Vers„o cor-ri-gida con-tendo as al-te-ra-Áıes
 []

LaTeX Font Info:    External font `cmex10' loaded for size
(Font)              <12> on input line 302.
LaTeX Font Info:    External font `cmex10' loaded for size
(Font)              <8> on input line 302.
LaTeX Font Info:    External font `cmex10' loaded for size
(Font)              <6> on input line 302.
pdfTeX warning (ext4): destination with the same identifier (name{page.1}) has 
been already used, duplicate ignored
<to be read again> 
                   \relax 
l.302 
       [1



]
<fig_ficha_catalografica.pdf, id=19, 597.432pt x 845.07718pt>
File: fig_ficha_catalografica.pdf Graphic file (type pdf)
<use fig_ficha_catalografica.pdf>
Package pdftex.def Info: fig_ficha_catalografica.pdf  used on input line 330.
(pdftex.def)             Requested size: 597.43054pt x 845.07512pt.
File: fig_ficha_catalografica.pdf Graphic file (type pdf)
<use fig_ficha_catalografica.pdf>
Package pdftex.def Info: fig_ficha_catalografica.pdf  used on input line 330.
(pdftex.def)             Requested size: 597.43054pt x 845.07512pt.
<fig_ficha_catalografica.pdf, id=22, page=1, 597.432pt x 845.07718pt>
File: fig_ficha_catalografica.pdf Graphic file (type pdf)
<use fig_ficha_catalografica.pdf, page 1>
Package pdftex.def Info: fig_ficha_catalografica.pdf , page1 used on input line
 330.
(pdftex.def)             Requested size: 597.43054pt x 845.07512pt.
File: fig_ficha_catalografica.pdf Graphic file (type pdf)
<use fig_ficha_catalografica.pdf, page 1>
Package pdftex.def Info: fig_ficha_catalografica.pdf , page1 used on input line
 330.
(pdftex.def)             Requested size: 597.45789pt x 845.1138pt.
File: fig_ficha_catalografica.pdf Graphic file (type pdf)
<use fig_ficha_catalografica.pdf, page 1>
Package pdftex.def Info: fig_ficha_catalografica.pdf , page1 used on input line
 330.
(pdftex.def)             Requested size: 597.45789pt x 845.1138pt.
File: fig_ficha_catalografica.pdf Graphic file (type pdf)
<use fig_ficha_catalografica.pdf, page 1>
Package pdftex.def Info: fig_ficha_catalografica.pdf , page1 used on input line
 330.
(pdftex.def)             Requested size: 597.45789pt x 845.1138pt.
File: fig_ficha_catalografica.pdf Graphic file (type pdf)
<use fig_ficha_catalografica.pdf, page 1>
Package pdftex.def Info: fig_ficha_catalografica.pdf , page1 used on input line
 330.
(pdftex.def)             Requested size: 597.45789pt x 845.1138pt.
 [2 <./fig_ficha_catalografica.pdf>] [3

]
Overfull \hbox (149.64035pt too wide) in paragraph at lines 409--410
 \T1/cmr/bx/n/12 __________________________________________________________ 
 []


Overfull \hbox (60.66129pt too wide) in paragraph at lines 412--413
 \T1/cmr/m/n/12 (-20) _________________________________________________________
_ 
 []


Overfull \hbox (118.14804pt too wide) in paragraph at lines 416--417
 \T1/cmr/bx/n/12 _______________________________________________________ 
 []


Overfull \hbox (42.75348pt too wide) in paragraph at lines 418--419
 \T1/cmr/m/n/12 (-20) ________________________________________________________ 

 []


Overfull \hbox (118.14804pt too wide) in paragraph at lines 422--423
 \T1/cmr/bx/n/12 _______________________________________________________ 
 []


Overfull \hbox (42.75348pt too wide) in paragraph at lines 424--425
 \T1/cmr/m/n/12 (-20) ________________________________________________________ 

 []


Overfull \hbox (118.14804pt too wide) in paragraph at lines 428--429
 \T1/cmr/bx/n/12 _______________________________________________________ 
 []


Overfull \hbox (42.75348pt too wide) in paragraph at lines 430--431
 \T1/cmr/m/n/12 (-20) ________________________________________________________ 

 []

[4


] [5

] [6


] (./PPgSI-modeloQualificacaoOuDissertacaoLatex.lof) [7

]
(./PPgSI-modeloQualificacaoOuDissertacaoLatex.loa) [8


]
(./PPgSI-modeloQualificacaoOuDissertacaoLatex.lot) [9

] [10


]
(./PPgSI-modeloQualificacaoOuDissertacaoLatex.toc
LaTeX Font Info:    Calculating math sizes for size <13.25> on input line 34.
LaTeX Font Info:    External font `cmex10' loaded for size
(Font)              <13.25> on input line 34.
LaTeX Font Info:    External font `cmex10' loaded for size
(Font)              <9.27495> on input line 34.
LaTeX Font Info:    External font `cmex10' loaded for size
(Font)              <6.625> on input line 34.
 [11

]
LaTeX Font Info:    Calculating math sizes for size <15> on input line 67.
LaTeX Font Info:    External font `cmex10' loaded for size
(Font)              <15> on input line 67.
LaTeX Font Info:    External font `cmex10' loaded for size
(Font)              <10.49995> on input line 67.
LaTeX Font Info:    External font `cmex10' loaded for size
(Font)              <7.5> on input line 67.
LaTeX Font Info:    External font `cmex10' loaded for size
(Font)              <7> on input line 67.
LaTeX Font Info:    External font `cmex10' loaded for size
(Font)              <5> on input line 67.
) [12] [13


]
LaTeX Font Info:    Try loading font information for OMS+cmr on input line 615.


(/usr/local/texlive/2018/texmf-dist/tex/latex/base/omscmr.fd
File: omscmr.fd 2014/09/29 v2.5h Standard LaTeX font definitions
)
LaTeX Font Info:    Font shape `OMS/cmr/m/n' in size <12> not available
(Font)              Font shape `OMS/cmsy/m/n' tried instead on input line 615.
 [14] [15]
[16]
<modelo-teste.png, id=369, 386.19281pt x 219.06844pt>
File: modelo-teste.png Graphic file (type png)
<use modelo-teste.png>
Package pdftex.def Info: modelo-teste.png  used on input line 665.
(pdftex.def)             Requested size: 386.19185pt x 219.06789pt.
 [17

] [18pdfTeX warning (ext4): destination with the same identifier (name{figure.2
.1}) has been already used, duplicate ignored

\AtBegShi@Output ...ipout \box \AtBeginShipoutBox 
                                                  \fi \fi 
l.677 
       <./modelo-teste.png>] [19] [20] [21]
<tipos-custo-arvore.png, id=474, 305.64188pt x 137.7647pt>
File: tipos-custo-arvore.png Graphic file (type png)
<use tipos-custo-arvore.png>
Package pdftex.def Info: tipos-custo-arvore.png  used on input line 729.
(pdftex.def)             Requested size: 305.64111pt x 137.76434pt.
 [22pdfTeX warning (ext4): destination with the same identifier (name{figure.2.
2}) has been already used, duplicate ignored

\AtBegShi@Output ...ipout \box \AtBeginShipoutBox 
                                                  \fi \fi 
l.741 
       <./tipos-custo-arvore.png>]
<nonconformance-costs-timeline.png, id=504, 274.02374pt x 182.18062pt>
File: nonconformance-costs-timeline.png Graphic file (type png)
<use nonconformance-costs-timeline.png>
Package pdftex.def Info: nonconformance-costs-timeline.png  used on input line 
749.
(pdftex.def)             Requested size: 274.02307pt x 182.18016pt.
 [23pdfTeX warning (ext4): destination with the same identifier (name{figure.2.
3}) has been already used, duplicate ignored

\AtBegShi@Output ...ipout \box \AtBeginShipoutBox 
                                                  \fi \fi 
l.756 \chapter
              {Gera√ß√£o autom√°tica de dados de teste} <./nonconformance-costs
-timeline.png>]

Package hyperref Warning: Suppressing empty link on input line 762.


Package hyperref Warning: Suppressing empty link on input line 764.

[24

] [25]

Package hyperref Warning: Suppressing empty link on input line 787.


Package hyperref Warning: Suppressing empty link on input line 787.


Package hyperref Warning: Suppressing empty link on input line 800.

[26]

Package hyperref Warning: Suppressing empty link on input line 803.


Package hyperref Warning: Suppressing empty link on input line 803.


Underfull \hbox (badness 10000) in paragraph at lines 818--819

 []

[27]
Package hyperref Info: bookmark level for unknown algorithm defaults to 0 on in
put line 823.
 [28]

Package hyperref Warning: Token not allowed in a PDF string (PDFDocEncoding):
(hyperref)                removing `math shift' on input line 856.


Package hyperref Warning: Token not allowed in a PDF string (PDFDocEncoding):
(hyperref)                removing `\lambda' on input line 856.


Package hyperref Warning: Token not allowed in a PDF string (PDFDocEncoding):
(hyperref)                removing `math shift' on input line 856.


Package hyperref Warning: Token not allowed in a PDF string (PDFDocEncoding):
(hyperref)                removing `math shift' on input line 856.


Package hyperref Warning: Token not allowed in a PDF string (PDFDocEncoding):
(hyperref)                removing `\lambda' on input line 856.


Package hyperref Warning: Token not allowed in a PDF string (PDFDocEncoding):
(hyperref)                removing `math shift' on input line 856.


Package hyperref Warning: Token not allowed in a PDF string (PDFDocEncoding):
(hyperref)                removing `math shift' on input line 863.


Package hyperref Warning: Token not allowed in a PDF string (PDFDocEncoding):
(hyperref)                removing `\mu' on input line 863.


Package hyperref Warning: Token not allowed in a PDF string (PDFDocEncoding):
(hyperref)                removing `math shift' on input line 863.


Package hyperref Warning: Token not allowed in a PDF string (PDFDocEncoding):
(hyperref)                removing `math shift' on input line 863.


Package hyperref Warning: Token not allowed in a PDF string (PDFDocEncoding):
(hyperref)                removing `\lambda' on input line 863.


Package hyperref Warning: Token not allowed in a PDF string (PDFDocEncoding):
(hyperref)                removing `math shift' on input line 863.

[29] [30]

Package hyperref Warning: Suppressing empty link on input line 885.


Package hyperref Warning: Suppressing empty link on input line 887.


Package hyperref Warning: Suppressing empty link on input line 887.


Package hyperref Warning: Suppressing empty link on input line 887.

[31]

Package hyperref Warning: Suppressing empty link on input line 893.

[32] [33

] [34]
<diagrama_diamante.png, id=778, 287.57437pt x 274.77657pt>
File: diagrama_diamante.png Graphic file (type png)
<use diagrama_diamante.png>
Package pdftex.def Info: diagrama_diamante.png  used on input line 934.
(pdftex.def)             Requested size: 287.57367pt x 274.77588pt.
 [35pdfTeX warning (ext4): destination with the same identifier (name{figure.4.
4}) has been already used, duplicate ignored

\AtBegShi@Output ...ipout \box \AtBeginShipoutBox 
                                                  \fi \fi 
l.944 \end{equation}
                     <./diagrama_diamante.png>] [36]
<modelo_srivastava_kumar.png, id=816, 156.585pt x 334.24875pt>
File: modelo_srivastava_kumar.png Graphic file (type png)
<use modelo_srivastava_kumar.png>
Package pdftex.def Info: modelo_srivastava_kumar.png  used on input line 984.
(pdftex.def)             Requested size: 156.58461pt x 334.24792pt.
 [37] [38pdfTeX warning (ext4): destination with the same identifier (name{figu
re.4.5}) has been already used, duplicate ignored

\AtBegShi@Output ...ipout \box \AtBeginShipoutBox 
                                                  \fi \fi 
l.996 
       <./modelo_srivastava_kumar.png>] [39] [40

] [41]
Underfull \hbox (badness 10000) in paragraph at lines 1030--1035

 []

[42] [43]

Package hyperref Warning: Suppressing empty link on input line 1065.

[44

]
<status_projetos.png, id=966, 886.31125pt x 551.05875pt>
File: status_projetos.png Graphic file (type png)
<use status_projetos.png>
Package pdftex.def Info: status_projetos.png  used on input line 1094.
(pdftex.def)             Requested size: 455.0pt x 282.8945pt.
 [45]
<cobertura_evosuite.png, id=975, 714.16812pt x 502.87875pt>
File: cobertura_evosuite.png Graphic file (type png)
<use cobertura_evosuite.png>
Package pdftex.def Info: cobertura_evosuite.png  used on input line 1106.
(pdftex.def)             Requested size: 455.0pt x 320.38336pt.
 [46pdfTeX warning (ext4): destination with the same identifier (name{figure.6.
6}) has been already used, duplicate ignored

\AtBegShi@Output ...ipout \box \AtBeginShipoutBox 
                                                  \fi \fi 
l.1110 
        <./status_projetos.png>]

Package hyperref Warning: Suppressing empty link on input line 1113.

[47pdfTeX warning (ext4): destination with the same identifier (name{figure.6.7
}) has been already used, duplicate ignored

\AtBegShi@Output ...ipout \box \AtBeginShipoutBox 
                                                  \fi \fi 
l.1116 
        <./cobertura_evosuite.png>]
<grafico_dif_cobertura.png, id=993, 816.55063pt x 469.25313pt>
File: grafico_dif_cobertura.png Graphic file (type png)
<use grafico_dif_cobertura.png>
Package pdftex.def Info: grafico_dif_cobertura.png  used on input line 1152.
(pdftex.def)             Requested size: 455.0pt x 261.47679pt.
 [48pdfTeX warning (ext4): destination with the same identifier (name{table.6.1
}) has been already used, duplicate ignored

\AtBegShi@Output ...ipout \box \AtBeginShipoutBox 
                                                  \fi \fi 
l.1156 
       ]
Underfull \hbox (badness 10000) in paragraph at lines 1160--1161

 []

<tempo_evosuite.png, id=1000, 661.97313pt x 662.97687pt>
File: tempo_evosuite.png Graphic file (type png)
<use tempo_evosuite.png>
Package pdftex.def Info: tempo_evosuite.png  used on input line 1165.
(pdftex.def)             Requested size: 455.0pt x 455.6842pt.
[49pdfTeX warning (ext4): destination with the same identifier (name{figure.6.8
}) has been already used, duplicate ignored

\AtBegShi@Output ...ipout \box \AtBeginShipoutBox 
                                                  \fi \fi 
l.1169 
        <./grafico_dif_cobertura.png>] [50pdfTeX warning (ext4): destination wi
th the same identifier (name{figure.6.9}) has been already used, duplicate igno
red

\AtBegShi@Output ...ipout \box \AtBeginShipoutBox 
                                                  \fi \fi 
l.1173 
        <./tempo_evosuite.png>] [51pdfTeX warning (ext4): destination with the 
same identifier (name{table.6.2}) has been already used, duplicate ignored

\AtBegShi@Output ...ipout \box \AtBeginShipoutBox 
                                                  \fi \fi 
l.1236 
       pdfTeX warning (ext4): destination with the same identifier (name{table.
6.3}) has been already used, duplicate ignored

\AtBegShi@Output ...ipout \box \AtBeginShipoutBox 
                                                  \fi \fi 
l.1236 
       ] [52] [53pdfTeX warning (ext4): destination with the same identifier (n
ame{table.6.4}) has been already used, duplicate ignored

\AtBegShi@Output ...ipout \box \AtBeginShipoutBox 
                                                  \fi \fi 
l.1286 D
        ada a relev√¢ncias das m√©tricas citadas, segundo conjunto de aprend...
] [54pdfTeX warning (ext4): destination with the same identifier (name{table.6.
5}) has been already used, duplicate ignored

\AtBegShi@Output ...ipout \box \AtBeginShipoutBox 
                                                  \fi \fi 
l.1328 \chapter
               {Conclus√£o}pdfTeX warning (ext4): destination with the same ide
ntifier (name{table.6.6}) has been already used, duplicate ignored

\AtBegShi@Output ...ipout \box \AtBeginShipoutBox 
                                                  \fi \fi 
l.1328 \chapter
               {Conclus√£o}] [55]
(./PPgSI-modeloQualificacaoOuDissertacaoLatex.bbl
(./PPgSI-modeloQualificacaoOuDissertacaoLatex.brf)
\tf@brf=\write5
\openout5 = `PPgSI-modeloQualificacaoOuDissertacaoLatex.brf'.

 [56

]

Package hyperref Warning: Token not allowed in a PDF string (PDFDocEncoding):
(hyperref)                removing `\@ifnextchar' on input line 3.


Package hyperref Warning: Token not allowed in a PDF string (PDFDocEncoding):
(hyperref)                removing `\<let>-command' on input line 3.

bibitemlist
[57

] [58] [59] [60] [61]) 
AED: lastpage setting LastPage
[62]
\tf@lof=\write6
\openout6 = `PPgSI-modeloQualificacaoOuDissertacaoLatex.lof'.

\tf@loa=\write7
\openout7 = `PPgSI-modeloQualificacaoOuDissertacaoLatex.loa'.

\tf@lot=\write8
\openout8 = `PPgSI-modeloQualificacaoOuDissertacaoLatex.lot'.

\tf@toc=\write9
\openout9 = `PPgSI-modeloQualificacaoOuDissertacaoLatex.toc'.

Package atveryend Info: Empty hook `BeforeClearDocument' on input line 1390.
Package atveryend Info: Empty hook `AfterLastShipout' on input line 1390.
 (./PPgSI-modeloQualificacaoOuDissertacaoLatex.aux)
Package atveryend Info: Executing hook `AtVeryEndDocument' on input line 1390.
Package atveryend Info: Executing hook `AtEndAfterFileList' on input line 1390.

Package rerunfilecheck Info: File `PPgSI-modeloQualificacaoOuDissertacaoLatex.b
rf' has not changed.
(rerunfilecheck)             Checksum: 521DDACBE9854AE9C0080A7AD5C86281;11039.


LaTeX Warning: There were multiply-defined labels.

Package atveryend Info: Empty hook `AtVeryVeryEnd' on input line 1390.
 ) 
Here is how much of TeX's memory you used:
 14794 strings out of 492649
 223703 string characters out of 6129623
 508557 words of memory out of 5000000
 18074 multiletter control sequences out of 15000+600000
 31877 words of font info for 140 fonts, out of 8000000 for 9000
 1141 hyphenation exceptions out of 8191
 39i,18n,43p,1108b,561s stack positions out of 5000i,500n,10000p,200000b,80000s
{/usr/local/texlive/2018/texmf-dist/fonts/enc/dvips/cm-super/cm-super-t1.enc}
</usr/local/texlive/2018/texmf-dist/fonts/type1/public/amsfonts/cm/cmmi12.pfb><
/usr/local/texlive/2018/texmf-dist/fonts/type1/public/amsfonts/cm/cmr12.pfb></u
sr/local/texlive/2018/texmf-dist/fonts/type1/public/amsfonts/cm/cmsy10.pfb></us
r/local/texlive/2018/texmf-dist/fonts/type1/public/cm-super/sfbi1440.pfb></usr/
local/texlive/2018/texmf-dist/fonts/type1/public/cm-super/sfbx1200.pfb></usr/lo
cal/texlive/2018/texmf-dist/fonts/type1/public/cm-super/sfbx1440.pfb></usr/loca
l/texlive/2018/texmf-dist/fonts/type1/public/cm-super/sfbx1728.pfb></usr/local/
texlive/2018/texmf-dist/fonts/type1/public/cm-super/sfbx2074.pfb></usr/local/te
xlive/2018/texmf-dist/fonts/type1/public/cm-super/sfcc1200.pfb></usr/local/texl
ive/2018/texmf-dist/fonts/type1/public/cm-super/sfrm0700.pfb></usr/local/texliv
e/2018/texmf-dist/fonts/type1/public/cm-super/sfrm0800.pfb></usr/local/texlive/
2018/texmf-dist/fonts/type1/public/cm-super/sfrm1000.pfb></usr/local/texlive/20
18/texmf-dist/fonts/type1/public/cm-super/sfrm1095.pfb></usr/local/texlive/2018
/texmf-dist/fonts/type1/public/cm-super/sfrm1200.pfb></usr/local/texlive/2018/t
exmf-dist/fonts/type1/public/cm-super/sfrm1440.pfb></usr/local/texlive/2018/tex
mf-dist/fonts/type1/public/cm-super/sfti1200.pfb>
Output written on PPgSI-modeloQualificacaoOuDissertacaoLatex.pdf (63 pages, 930
628 bytes).
PDF statistics:
 1510 PDF objects out of 1728 (max. 8388607)
 1385 compressed objects within 14 object streams
 237 named destinations out of 1000 (max. 500000)
 27162 words of extra memory for PDF output out of 29859 (max. 10000000)

